0 info it worked if it ends with ok
1 verbose cli [ '/usr/bin/node', '/usr/bin/npm', 'run', 'main' ]
2 info using npm@3.5.2
3 info using node@v6.11.4
4 verbose run-script [ 'premain', 'main', 'postmain' ]
5 info lifecycle node-fs@1.0.0~premain: node-fs@1.0.0
6 silly lifecycle node-fs@1.0.0~premain: no script for premain, continuing
7 info lifecycle node-fs@1.0.0~main: node-fs@1.0.0
8 verbose lifecycle node-fs@1.0.0~main: unsafe-perm in lifecycle true
9 verbose lifecycle node-fs@1.0.0~main: PATH: /usr/share/npm/bin/node-gyp-bin:/home/node-fs/node_modules/.bin:/usr/local/sbin:/usr/local/bin:/usr/sbin:/usr/bin:/sbin:/bin:/usr/games:/usr/local/games:/snap/bin
10 verbose lifecycle node-fs@1.0.0~main: CWD: /home/node-fs
11 silly lifecycle node-fs@1.0.0~main: Args: [ '-c', 'node main.js' ]
12 silly lifecycle node-fs@1.0.0~main: Returned: code: 1  signal: null
13 info lifecycle node-fs@1.0.0~main: Failed to exec main script
14 verbose stack Error: node-fs@1.0.0 main: `node main.js`
14 verbose stack Exit status 1
14 verbose stack     at EventEmitter.<anonymous> (/usr/share/npm/lib/utils/lifecycle.js:232:16)
14 verbose stack     at emitTwo (events.js:106:13)
14 verbose stack     at EventEmitter.emit (events.js:191:7)
14 verbose stack     at ChildProcess.<anonymous> (/usr/share/npm/lib/utils/spawn.js:24:14)
14 verbose stack     at emitTwo (events.js:106:13)
14 verbose stack     at ChildProcess.emit (events.js:191:7)
14 verbose stack     at maybeClose (internal/child_process.js:920:16)
14 verbose stack     at Process.ChildProcess._handle.onexit (internal/child_process.js:230:5)
15 verbose pkgid node-fs@1.0.0
16 verbose cwd /home/node-fs
17 error Linux 4.13.0-25-generic
18 error argv "/usr/bin/node" "/usr/bin/npm" "run" "main"
19 error node v6.11.4
20 error npm  v3.5.2
21 error code ELIFECYCLE
22 error node-fs@1.0.0 main: `node main.js`
22 error Exit status 1
23 error Failed at the node-fs@1.0.0 main script 'node main.js'.
23 error Make sure you have the latest version of node.js and npm installed.
23 error If you do, this is most likely a problem with the node-fs package,
23 error not with npm itself.
23 error Tell the author that this fails on your system:
23 error     node main.js
23 error You can get information on how to open an issue for this project with:
23 error     npm bugs node-fs
23 error Or if that isn't available, you can get their info via:
23 error     npm owner ls node-fs
23 error There is likely additional logging output above.
24 verbose exit [ 1, true ]
